0 info it worked if it ends with ok
1 verbose cli [ '/usr/bin/nodejs', '/usr/bin/npm', 'install', 'mongoskin' ]
2 info using npm@1.3.10
3 info using node@v0.10.25
4 warn package.json myjiangpu-api@0.0.1 No description
5 verbose readDependencies using package.json deps
6 verbose cache add [ 'mongoskin', null ]
7 verbose cache add name=undefined spec="mongoskin" args=["mongoskin",null]
8 verbose parsed url { protocol: null,
8 verbose parsed url   slashes: null,
8 verbose parsed url   auth: null,
8 verbose parsed url   host: null,
8 verbose parsed url   port: null,
8 verbose parsed url   hostname: null,
8 verbose parsed url   hash: null,
8 verbose parsed url   search: null,
8 verbose parsed url   query: null,
8 verbose parsed url   pathname: 'mongoskin',
8 verbose parsed url   path: 'mongoskin',
8 verbose parsed url   href: 'mongoskin' }
9 silly lockFile 48c9bc44-mongoskin mongoskin
10 verbose lock mongoskin /home/ubuntu/.npm/48c9bc44-mongoskin.lock
11 silly lockFile 48c9bc44-mongoskin mongoskin
12 silly lockFile 48c9bc44-mongoskin mongoskin
13 verbose addNamed [ 'mongoskin', '' ]
14 verbose addNamed [ null, '*' ]
15 silly lockFile 67823afd-mongoskin mongoskin@
16 verbose lock mongoskin@ /home/ubuntu/.npm/67823afd-mongoskin.lock
17 silly addNameRange { name: 'mongoskin', range: '*', hasData: false }
18 verbose url raw mongoskin
19 verbose url resolving [ 'https://registry.npmjs.org/', './mongoskin' ]
20 verbose url resolved https://registry.npmjs.org/mongoskin
21 info trying registry request attempt 1 at 22:39:10
22 verbose etag "2EQ4ZD85HAITTLOG34QY1YAIK"
23 http GET https://registry.npmjs.org/mongoskin
24 http 304 https://registry.npmjs.org/mongoskin
25 silly registry.get cb [ 304,
25 silly registry.get   { date: 'Wed, 22 Jul 2015 14:38:46 GMT',
25 silly registry.get     via: '1.1 varnish',
25 silly registry.get     'cache-control': 'max-age=60',
25 silly registry.get     etag: '"2EQ4ZD85HAITTLOG34QY1YAIK"',
25 silly registry.get     age: '0',
25 silly registry.get     connection: 'keep-alive',
25 silly registry.get     'x-served-by': 'cache-nrt6128-NRT',
25 silly registry.get     'x-cache': 'HIT',
25 silly registry.get     'x-cache-hits': '1',
25 silly registry.get     'x-timer': 'S1437575926.166301,VS0,VE179',
25 silly registry.get     vary: 'Accept' } ]
26 verbose etag mongoskin from cache
27 silly addNameRange number 2 { name: 'mongoskin', range: '*', hasData: true }
28 silly addNameRange versions [ 'mongoskin',
28 silly addNameRange   [ '0.1.0',
28 silly addNameRange     '0.1.1',
28 silly addNameRange     '0.1.2',
28 silly addNameRange     '0.1.3',
28 silly addNameRange     '0.2.0',
28 silly addNameRange     '0.2.1',
28 silly addNameRange     '0.2.2',
28 silly addNameRange     '0.2.3',
28 silly addNameRange     '0.3.0',
28 silly addNameRange     '0.3.3',
28 silly addNameRange     '0.3.4',
28 silly addNameRange     '0.3.5',
28 silly addNameRange     '0.3.6',
28 silly addNameRange     '0.3.7',
28 silly addNameRange     '0.4.0',
28 silly addNameRange     '0.4.1',
28 silly addNameRange     '0.4.2',
28 silly addNameRange     '0.4.3',
28 silly addNameRange     '0.4.4',
28 silly addNameRange     '0.5.0',
28 silly addNameRange     '0.6.0',
28 silly addNameRange     '0.6.1',
28 silly addNameRange     '1.3.20-alpha',
28 silly addNameRange     '1.3.20',
28 silly addNameRange     '1.3.21',
28 silly addNameRange     '1.3.22',
28 silly addNameRange     '1.3.23',
28 silly addNameRange     '1.4.0',
28 silly addNameRange     '1.4.1',
28 silly addNameRange     '1.4.2',
28 silly addNameRange     '1.4.3',
28 silly addNameRange     '1.4.4',
28 silly addNameRange     '1.4.10-beta',
28 silly addNameRange     '1.4.10',
28 silly addNameRange     '1.4.11',
28 silly addNameRange     '1.4.12',
28 silly addNameRange     '1.4.13' ] ]
29 verbose addNamed [ 'mongoskin', '1.4.13' ]
30 verbose addNamed [ '1.4.13', '1.4.13' ]
31 silly lockFile 0c1c9ac8-mongoskin-1-4-13 mongoskin@1.4.13
32 verbose lock mongoskin@1.4.13 /home/ubuntu/.npm/0c1c9ac8-mongoskin-1-4-13.lock
33 silly lockFile 0c1c9ac8-mongoskin-1-4-13 mongoskin@1.4.13
34 silly lockFile 0c1c9ac8-mongoskin-1-4-13 mongoskin@1.4.13
35 silly lockFile 67823afd-mongoskin mongoskin@
36 silly lockFile 67823afd-mongoskin mongoskin@
37 silly resolved [ { name: 'mongoskin',
37 silly resolved     description: 'The future layer above node-mongodb-native',
37 silly resolved     version: '1.4.13',
37 silly resolved     author: { name: 'Gui Lin', email: 'guileen@gmail.com' },
37 silly resolved     homepage: 'https://github.com/kissjs/node-mongoskin',
37 silly resolved     repository:
37 silly resolved      { type: 'git',
37 silly resolved        url: 'git://github.com/kissjs/node-mongoskin.git' },
37 silly resolved     bugs: { url: 'https://github.com/kissjs/node-mongoskin/issues' },
37 silly resolved     main: './index.js',
37 silly resolved     keywords: [ 'mongodb', 'database', 'nosql' ],
37 silly resolved     engines: { node: '>= 0.4.0' },
37 silly resolved     peerDependencies: { mongodb: '~1.4' },
37 silly resolved     devDependencies:
37 silly resolved      { mocha: '~1.17.1',
37 silly resolved        blanket: '~1.1.6',
37 silly resolved        coveralls: '~2.10.0',
37 silly resolved        'mocha-lcov-reporter': '0.0.1',
37 silly resolved        'travis-cov': '~0.2.5',
37 silly resolved        mongodb: '~1.4',
37 silly resolved        should: '~3.1.2' },
37 silly resolved     config: { blanket: [Object], 'travis-cov': [Object] },
37 silly resolved     scripts: { test: './node_modules/.bin/mocha -R travis-cov' },
37 silly resolved     directories: { example: './examples', lib: './lib/mongoskin' },
37 silly resolved     license: 'MIT',
37 silly resolved     contributors:
37 silly resolved      [ [Object],
37 silly resolved        [Object],
37 silly resolved        [Object],
37 silly resolved        [Object],
37 silly resolved        [Object],
37 silly resolved        [Object],
37 silly resolved        [Object],
37 silly resolved        [Object],
37 silly resolved        [Object],
37 silly resolved        [Object],
37 silly resolved        [Object],
37 silly resolved        [Object] ],
37 silly resolved     readme: '[![Gitter](https://badges.gitter.im/Join%20Chat.svg)](https://gitter.im/kissjs/node-mongoskin?utm_source=badge&utm_medium=badge&utm_campaign=pr-badge&utm_content=badge)\n\n# mongoskin\n\n[![Build Status](https://secure.travis-ci.org/kissjs/node-mongoskin.png)](http://travis-ci.org/kissjs/node-mongoskin)\n[![Dependencies](https://david-dm.org/kissjs/node-mongoskin.png)](https://david-dm.org/kissjs/node-mongoskin)\n[![Coverage Status](https://coveralls.io/repos/kissjs/node-mongoskin/badge.png?branch=master)](https://coveralls.io/r/kissjs/node-mongoskin?branch=master)\n[![NPM version](https://badge.fury.io/js/mongoskin.png)](http://badge.fury.io/js/mongoskin)\n\n[![NPM](https://nodei.co/npm/mongoskin.png?downloads=true&stars=true)](https://nodei.co/npm/mongoskin/)\n\n[![NPM](https://nodei.co/npm-dl/mongoskin.png?months=6)](https://nodei.co/npm/mongoskin/)\n\nInstall\n========\n\n```bash\n$ npm install mongoskin\n```\n\nUsage\n========\n\nUse dburl\n\n```js\nvar mongo = require(\'mongoskin\');\nvar db = mongo.db("mongodb://localhost:27017/integration_tests", {native_parser:true});\ndb.bind(\'article\');\ndb.article.find().toArray(function(err, items) {\n        db.close();\n});\n```\n\nUse ReplSet\n\n```js\nvar mongo = require(\'mongoskin\');\nvar Server = mongo.Server;\nvar Db = mongo.Db;\n\nvar replSet = new ReplSetServers([\n        new Server(\'localhost\', 30000),\n        new Server(\'localhost\', 30001),\n        new Server(\'localhost\', 30002),\n]);\n\nvar db = new Db(\'integration_test_\', replSet, {w:0, native_parser: (process.env[\'TEST_NATIVE\'] != null)});\n// no need open and on(\'fullsetup\', ...)\ndb.collection(\'myconnection\').find().setReadPreference(ReadPreference.SECONDARY).toArray(function(err, items) {\n        db.close();\n});\n```\n\nModel helper:\n\n```js\nvar mongo = require(\'mongoskin\');\nvar db = mongo.db("mongodb://localhost:27017/integration_tests", {native_parser:true});\ndb.bind(\'article\').bind({\n    getByAuthor: function(author_id, callback) {\n        this.findOne({author_id: author_id}, callback);\n    }\n});\ndb.article.getByAuthor(author_id, function(err, article) {\n        console.log(article);\n});\n```\n\n## Origin API part\nFor detail API reference see [node mongodb API](http://mongodb.github.io/node-mongodb-native/). Mongoskin is just change the API call chain.\n\nWe make some common use functions in promise mode, we call it SkinClass of a normal Class. And the API is almost same with official API.\n\n### module\n\norigin:\n```js\nvar mongo = require(\'mongodb\');\nvar Db = mongo.Db;\nvar Server = mongo.Server;\nvar MongoClient = mongo.MongoClient;\nvar ReplSetServers = mongo.ReplSetServers;\n...\n```\n\nmongoskin:\n\n```js\nvar mongo = require(\'mongoskin\');\nvar Db = mongo.Db;\nvar Server = mongo.Server;\nvar MongoClient = mongo.MongoClient;\nvar ReplSetServers = mongo.ReplSetServers;\n...\n```\n\n### MongoClient.connect(...)\n\nreturns a `Db` instance\n\nalias origin `MongoClient.connect(..., function(err, db) { .... })`\n\norigin:\n\n```js\nMongoClient.connect(..., function(err, db) {\n})\n```\n\nmongoskin:\n\n```js\nvar db = MongoClient.connect(...)\n```\n\n### db.collection(..., [callback])\n\nreturns a `Collection` instance\n\nalias origin `db.collection(..., function(err, collection) {....})`\n\norigin:\n\n```js\nvar db = new Db(...);\ndb.open(function(err, db) {\n    db.collection(\'myCollection\', {strict: true}, function(err, myCollection) {\n        // myCollection.find() ...\n    });\n});\n```\n\nmongoskin:\n\n```js\nvar db = new Db(...);\nvar myCollection = db.collection(\'myCollection\', {strict: true});\n```\n\n## MongoSkin API part\n\n### module.db(...)\nalias `MongoClient.connect(...)`\n### module.helper.toObjectID(hexStr)\nconvert `String` to `ObjectID` instance.\n### db.bind(name, options)\nalias `db[name] = db.collection(name, options)`\n\n```js\ndb.bind(\'article\')\ndb.article.find().toArray(function(err, items) {\n  assert.ok(err == null);\n});\n```\n\n### db.admin(...)\nalias `new Admin(db, ...)`\n### db.grid(...)\nalias `new Grid(db, ...)`\n### db.gridStore(...)\nalias `new GridStore(db, ...)`\n### collection.bind(extendObject)\neach method of extendObject will be bind to collection.\n### collection.findById(id, ...)\nalias `collection.find({_id: toObjectID(id)}, ...)`\n### collection.updateById(id, ...)\nalias `collection.update({_id: toObjectID(id)}, ...)`\n### collection.removeById(id, ...)\nalias `collection.remove({_id: toObjectID(id)}, ...)`\n\n## NOTE!! mongoskin API change from 1.3.20\n\nSince node-mongodb-native has change a lot of API, mongoskin redesign from 1.3.20. The version number keep same with node-mongodb-native. And the API appearence is also keep same with node-mongodb-native\n\n### Removed API from mongoskin 1.3.20\n\n* module.bind\n* module.Skin*\n* module.router\n* skinDb.toId\n* skinDb.toObjectId\n* skinDb.gridfs\n* skinCollection.bind\n\n### Modified API from mongoskin 1.3.20\n\n* module.db\n* skinDb.bind\n\n\n### Additional API from mongoskin 1.3.20\n\n* module.MongoClient\n* module.Grid\n* module.GridStore\n* module.helper.toObjectID\n\n## Authors\n\nBelow is the output from `git-summary`.\n\n```\n project  : node-mongoskin\n repo age : 2 years, 10 months\n active   : 84 days\n commits  : 180\n files    : 44\n authors  :\n    49\tLin Gui                 27.2%\n    44\tfengmk2                 24.4%\n    34\tguilin 桂林           18.9%\n    23\tGui Lin                 12.8%\n     5\tguilin                  2.8%\n     2\tRaghu Katti             1.1%\n     2\tMerlyn Albery-Speyer    1.1%\n     2\tPaul Gebheim            1.1%\n     2\tJoakim B                1.1%\n     2\tFrançois de Metz       1.1%\n     1\tWout Mertens            0.6%\n     1\tYuriy Nemtsov           0.6%\n     1\tfresheneesz             0.6%\n     1\thumanchimp              0.6%\n     1\tAlan Shaw               0.6%\n     1\twmertens                0.6%\n     1\tAneil Mallavarapu       0.6%\n     1\tGustav                  0.6%\n     1\tHarvey McQueen          0.6%\n     1\tJoe Faber               0.6%\n     1\tMatt Perpick            0.6%\n     1\tPhilmod                 0.6%\n     1\tQuang Van               0.6%\n     1\tRakshit Menpara         0.6%\n     1\tShawn Jonnet            0.6%\n```\n\n## License \n\n(The MIT License)\n\nCopyright (c) 2011 - 2012 kissjs.org\n\nPermission is hereby granted, free of charge, to any person obtaining\na copy of this software and associated documentation files (the\n\'Software\'), to deal in the Software without restriction, including\nwithout limitation the rights to use, copy, modify, merge, publish,\ndistribute, sublicense, and/or sell copies of the Software, and to\npermit persons to whom the Software is furnished to do so, subject to\nthe following conditions:\n\nThe above copyright notice and this permission notice shall be\nincluded in all copies or substantial portions of the Software.\n\nTHE SOFTWARE IS PROVIDED \'AS IS\', WITHOUT WARRANTY OF ANY KIND,\nEXPRESS OR IMPLIED, INCLUDING BUT NOT LIMITED TO THE WARRANTIES OF\nMERCHANTABILITY, FITNESS FOR A PARTICULAR PURPOSE AND NONINFRINGEMENT.\nIN NO EVENT SHALL THE AUTHORS OR COPYRIGHT HOLDERS BE LIABLE FOR ANY\nCLAIM, DAMAGES OR OTHER LIABILITY, WHETHER IN AN ACTION OF CONTRACT,\nTORT OR OTHERWISE, ARISING FROM, OUT OF OR IN CONNECTION WITH THE\nSOFTWARE OR THE USE OR OTHER DEALINGS IN THE SOFTWARE.\n',
37 silly resolved     readmeFilename: 'Readme.md',
37 silly resolved     _id: 'mongoskin@1.4.13',
37 silly resolved     _from: 'mongoskin@' } ]
38 info install mongoskin@1.4.13 into /home/ubuntu/projects/myjiangpu-api
39 info installOne mongoskin@1.4.13
40 info /home/ubuntu/projects/myjiangpu-api/node_modules/mongoskin unbuild
41 info preuninstall mongoskin@1.4.13
42 info uninstall mongoskin@1.4.13
43 verbose true,/home/ubuntu/projects/myjiangpu-api/node_modules,/home/ubuntu/projects/myjiangpu-api/node_modules unbuild mongoskin@1.4.13
44 info postuninstall mongoskin@1.4.13
45 verbose tar unpack /home/ubuntu/.npm/mongoskin/1.4.13/package.tgz
46 silly lockFile 53af9c36-angpu-api-node-modules-mongoskin tar:///home/ubuntu/projects/myjiangpu-api/node_modules/mongoskin
47 verbose lock tar:///home/ubuntu/projects/myjiangpu-api/node_modules/mongoskin /home/ubuntu/.npm/53af9c36-angpu-api-node-modules-mongoskin.lock
48 silly lockFile 7bc888cf-npm-mongoskin-1-4-13-package-tgz tar:///home/ubuntu/.npm/mongoskin/1.4.13/package.tgz
49 verbose lock tar:///home/ubuntu/.npm/mongoskin/1.4.13/package.tgz /home/ubuntu/.npm/7bc888cf-npm-mongoskin-1-4-13-package-tgz.lock
50 silly gunzTarPerm modes [ '755', '644' ]
51 silly gunzTarPerm extractEntry package.json
52 silly gunzTarPerm extractEntry .npmignore
53 silly gunzTarPerm extractEntry LICENSE
54 silly gunzTarPerm extractEntry index.js
55 silly gunzTarPerm extractEntry History.md
56 silly gunzTarPerm extractEntry .jshintrc
57 silly gunzTarPerm extractEntry .travis.yml
58 silly gunzTarPerm extractEntry Readme.md
59 silly gunzTarPerm extractEntry examples/admin.js
60 silly gunzTarPerm extractEntry examples/close.js
61 silly gunzTarPerm extractEntry examples/config.js
62 silly gunzTarPerm extractEntry examples/generateId.js
63 silly gunzTarPerm extractEntry examples/gridfs.js
64 silly gunzTarPerm extractEntry examples/insert.js
65 silly gunzTarPerm extractEntry examples/replSetBenchmark.js
66 silly gunzTarPerm extractEntry examples/replset.js
67 silly gunzTarPerm extractEntry examples/update.js
68 silly gunzTarPerm extractEntry AUTHORS
69 silly gunzTarPerm extractEntry lib/admin.js
70 silly gunzTarPerm extractEntry lib/constant.js
71 silly gunzTarPerm extractEntry lib/cursor.js
72 silly gunzTarPerm extractEntry lib/db.js
73 silly gunzTarPerm extractEntry lib/collection.js
74 silly gunzTarPerm extractEntry lib/grid_store.js
75 silly gunzTarPerm extractEntry lib/helper.js
76 silly gunzTarPerm extractEntry lib/index.js
77 silly gunzTarPerm extractEntry lib/mongo_client.js
78 silly gunzTarPerm extractEntry lib/utils.js
79 silly gunzTarPerm extractEntry lib/grid.js
80 silly gunzTarPerm extractEntry Makefile
81 silly lockFile 53af9c36-angpu-api-node-modules-mongoskin tar:///home/ubuntu/projects/myjiangpu-api/node_modules/mongoskin
82 silly lockFile 53af9c36-angpu-api-node-modules-mongoskin tar:///home/ubuntu/projects/myjiangpu-api/node_modules/mongoskin
83 silly lockFile 7bc888cf-npm-mongoskin-1-4-13-package-tgz tar:///home/ubuntu/.npm/mongoskin/1.4.13/package.tgz
84 silly lockFile 7bc888cf-npm-mongoskin-1-4-13-package-tgz tar:///home/ubuntu/.npm/mongoskin/1.4.13/package.tgz
85 info preinstall mongoskin@1.4.13
86 verbose readDependencies using package.json deps
87 verbose readDependencies using package.json deps
88 silly resolved []
89 verbose about to build /home/ubuntu/projects/myjiangpu-api/node_modules/mongoskin
90 info build /home/ubuntu/projects/myjiangpu-api/node_modules/mongoskin
91 verbose linkStuff [ false,
91 verbose linkStuff   false,
91 verbose linkStuff   false,
91 verbose linkStuff   '/home/ubuntu/projects/myjiangpu-api/node_modules' ]
92 info linkStuff mongoskin@1.4.13
93 verbose linkBins mongoskin@1.4.13
94 verbose linkMans mongoskin@1.4.13
95 verbose rebuildBundles mongoskin@1.4.13
96 info install mongoskin@1.4.13
97 info postinstall mongoskin@1.4.13
98 verbose readDependencies using package.json deps
99 verbose already installed skipping mongodb@~1.4 /home/ubuntu/projects/myjiangpu-api
100 silly resolved []
101 error peerinvalid The package mongodb does not satisfy its siblings' peerDependencies requirements!
101 error peerinvalid Peer mongoskin@1.4.13 wants mongodb@~1.4
102 error System Linux 3.13.0-57-generic
103 error command "/usr/bin/nodejs" "/usr/bin/npm" "install" "mongoskin"
104 error cwd /home/ubuntu/projects/myjiangpu-api
105 error node -v v0.10.25
106 error npm -v 1.3.10
107 error code EPEERINVALID
108 verbose exit [ 1, true ]
